[debug] [2022-09-26T16:32:42.332Z] ----------------------------------------------------------------------
[debug] [2022-09-26T16:32:42.336Z] Command:       C:\Program Files\nodejs\node.exe C:\Users\Dell\AppData\Roaming\npm\node_modules\firebase-tools\lib\bin\firebase.js init
[debug] [2022-09-26T16:32:42.337Z] CLI Version:   11.10.0
[debug] [2022-09-26T16:32:42.337Z] Platform:      win32
[debug] [2022-09-26T16:32:42.338Z] Node Version:  v16.17.0
[debug] [2022-09-26T16:32:42.339Z] Time:          Mon Sep 26 2022 18:32:42 GMT+0200 (Central European Summer Time)
[debug] [2022-09-26T16:32:42.339Z] ----------------------------------------------------------------------
[debug] 
[debug] [2022-09-26T16:32:42.468Z] > command requires scopes: ["email","openid","https://www.googleapis.com/auth/cloudplatformprojects.readonly","https://www.googleapis.com/auth/firebase","https://www.googleapis.com/auth/cloud-platform"]
[debug] [2022-09-26T16:32:42.469Z] > authorizing via signed-in user (arslanafzal777@gmail.com)
[info] 
     ######## #### ########  ######## ########     ###     ######  ########
     ##        ##  ##     ## ##       ##     ##  ##   ##  ##       ##
     ######    ##  ########  ######   ########  #########  ######  ######
     ##        ##  ##    ##  ##       ##     ## ##     ##       ## ##
     ##       #### ##     ## ######## ########  ##     ##  ######  ########

You're about to initialize a Firebase project in this directory:

  G:\REACT (UDEMY)\CODE\Expense manager project\react-complete-guide

Before we get started, keep in mind:

  * You are initializing within an existing Firebase project directory

[info] 
=== Project Setup
[info] 
[info] First, let's associate this project directory with a Firebase project.
[info] You can create multiple project aliases by running firebase use --add, 
[info] but for now we'll just set up a default project.
[info] 
[debug] [2022-09-26T16:37:50.150Z] Using project from CLI flag: food-order-app-219f2
[debug] [2022-09-26T16:37:50.152Z] > refreshing access token with scopes: []
[debug] [2022-09-26T16:37:50.154Z] >>> [apiv2][query] POST https://www.googleapis.com/oauth2/v3/token [none]
[debug] [2022-09-26T16:37:50.155Z] >>> [apiv2][body] POST https://www.googleapis.com/oauth2/v3/token [omitted]
[debug] [2022-09-26T16:37:50.290Z] <<< [apiv2][status] POST https://www.googleapis.com/oauth2/v3/token 200
[debug] [2022-09-26T16:37:50.290Z] <<< [apiv2][body] POST https://www.googleapis.com/oauth2/v3/token [omitted]
[debug] [2022-09-26T16:37:50.319Z] >>> [apiv2][query] GET https://firebase.googleapis.com/v1beta1/projects/food-order-app-219f2 [none]
[debug] [2022-09-26T16:37:50.624Z] <<< [apiv2][status] GET https://firebase.googleapis.com/v1beta1/projects/food-order-app-219f2 200
[debug] [2022-09-26T16:37:50.625Z] <<< [apiv2][body] GET https://firebase.googleapis.com/v1beta1/projects/food-order-app-219f2 {"projectId":"food-order-app-219f2","projectNumber":"426587999192","displayName":"Food Order App","name":"projects/food-order-app-219f2","resources":{"hostingSite":"food-order-app-219f2"},"state":"ACTIVE","etag":"1_fdadd0f4-00ea-4003-8cb4-7cf8a88b736a"}
[info] i  Using project food-order-app-219f2 (Food Order App) 
[info] 
=== Hosting Setup
[info] 
[info] Your public directory is the folder (relative to your project directory) that
[info] will contain Hosting assets to be uploaded with firebase deploy. If you
[info] have a build process for your assets, use your build's output directory.
[info] 
[debug] [2022-09-26T16:38:01.411Z] Error: kill ENOSYS
    at process.kill (node:internal/process/per_thread:221:13)
    at process.listener (C:\Users\Dell\AppData\Roaming\npm\node_modules\firebase-tools\node_modules\signal-exit\index.js:95:15)
    at process.emit (node:events:513:28)
[error] 
[error] Error: An unexpected error has occurred.
